[debug] [2025-10-29T01:42:25.419Z] ----------------------------------------------------------------------
[debug] [2025-10-29T01:42:25.426Z] Command:       C:\Program Files\nodejs\node.exe C:\Users\Israel\AppData\Roaming\npm\node_modules\firebase-tools\lib\bin\firebase.js deploy
[debug] [2025-10-29T01:42:25.427Z] CLI Version:   14.22.0
[debug] [2025-10-29T01:42:25.427Z] Platform:      win32
[debug] [2025-10-29T01:42:25.428Z] Node Version:  v22.20.0
[debug] [2025-10-29T01:42:25.428Z] Time:          Tue Oct 28 2025 22:42:25 GMT-0300 (hora de verano de Chile)
[debug] [2025-10-29T01:42:25.429Z] ----------------------------------------------------------------------
[debug] 
[debug] [2025-10-29T01:42:25.711Z] > command requires scopes: ["email","openid","https://www.googleapis.com/auth/cloudplatformprojects.readonly","https://www.googleapis.com/auth/firebase","https://www.googleapis.com/auth/cloud-platform"]
[debug] [2025-10-29T01:42:25.712Z] > authorizing via signed-in user (is.bordones@duocuc.cl)
[debug] [2025-10-29T01:42:25.712Z] [iam] checking project israel-bordones-cv for permissions ["firebase.projects.get","firebasehosting.sites.update"]
[debug] [2025-10-29T01:42:25.714Z] Checked if tokens are valid: true, expires at: 1761705719096
[debug] [2025-10-29T01:42:25.714Z] Checked if tokens are valid: true, expires at: 1761705719096
[debug] [2025-10-29T01:42:25.715Z] >>> [apiv2][query] POST https://cloudresourcemanager.googleapis.com/v1/projects/israel-bordones-cv:testIamPermissions [none]
[debug] [2025-10-29T01:42:25.715Z] >>> [apiv2][(partial)header] POST https://cloudresourcemanager.googleapis.com/v1/projects/israel-bordones-cv:testIamPermissions x-goog-quota-user=projects/israel-bordones-cv
[debug] [2025-10-29T01:42:25.716Z] >>> [apiv2][body] POST https://cloudresourcemanager.googleapis.com/v1/projects/israel-bordones-cv:testIamPermissions {"permissions":["firebase.projects.get","firebasehosting.sites.update"]}
[debug] [2025-10-29T01:42:26.818Z] <<< [apiv2][status] POST https://cloudresourcemanager.googleapis.com/v1/projects/israel-bordones-cv:testIamPermissions 200
[debug] [2025-10-29T01:42:26.819Z] <<< [apiv2][body] POST https://cloudresourcemanager.googleapis.com/v1/projects/israel-bordones-cv:testIamPermissions {}
[debug] [2025-10-29T01:42:26.819Z] [iam] error while checking permissions, command may fail: Authorization failed. This account is missing the following required permissions on project israel-bordones-cv:

  firebase.projects.get
  firebasehosting.sites.update
[debug] [2025-10-29T01:42:26.821Z] Checked if tokens are valid: true, expires at: 1761705719096
[debug] [2025-10-29T01:42:26.821Z] Checked if tokens are valid: true, expires at: 1761705719096
[debug] [2025-10-29T01:42:26.822Z] >>> [apiv2][query] GET https://firebase.googleapis.com/v1beta1/projects/israel-bordones-cv [none]
[debug] [2025-10-29T01:42:27.098Z] <<< [apiv2][status] GET https://firebase.googleapis.com/v1beta1/projects/israel-bordones-cv 403
[debug] [2025-10-29T01:42:27.098Z] <<< [apiv2][body] GET https://firebase.googleapis.com/v1beta1/projects/israel-bordones-cv {"error":{"code":403,"message":"The caller does not have permission","status":"PERMISSION_DENIED"}}
[debug] [2025-10-29T01:42:27.100Z] Request to https://firebase.googleapis.com/v1beta1/projects/israel-bordones-cv had HTTP Error: 403, The caller does not have permission
[debug] [2025-10-29T01:42:27.157Z] FirebaseError: Request to https://firebase.googleapis.com/v1beta1/projects/israel-bordones-cv had HTTP Error: 403, The caller does not have permission
    at responseToError (C:\Users\Israel\AppData\Roaming\npm\node_modules\firebase-tools\lib\responseToError.js:53:12)
    at RetryOperation._fn (C:\Users\Israel\AppData\Roaming\npm\node_modules\firebase-tools\lib\apiv2.js:312:77)
    at process.processTicksAndRejections (node:internal/process/task_queues:105:5)
[error] 
[error] Error: Failed to get Firebase project israel-bordones-cv. Please make sure the project exists and your account has permission to access it.
